cl : command line  warning D9002: ignoring unknown option '-fsycl'
  EncoderDecoder.cpp
  tests.cpp
C:\Users\user1\Desktop\encoder_decoder_WD\EncoderDecoder\EncoderDecoder\EncoderDecoder\tests.cpp(21,12): warning C4244: 'argument': conversion from 'time_t' to 'unsigned int', possible loss of data
C:\Users\user1\Desktop\encoder_decoder_WD\EncoderDecoder\EncoderDecoder\EncoderDecoder\tests.cpp(47,12): warning C4244: 'argument': conversion from 'time_t' to 'unsigned int', possible loss of data
C:\Users\user1\Desktop\encoder_decoder_WD\EncoderDecoder\EncoderDecoder\EncoderDecoder\tests.cpp(55,27): warning C4244: 'argument': conversion from 'unsigned __int64' to 'long', possible loss of data
C:\Users\user1\Desktop\encoder_decoder_WD\EncoderDecoder\EncoderDecoder\EncoderDecoder\tests.cpp(56,10): warning C4244: 'initializing': conversion from 'unsigned __int64' to 'int', possible loss of data
C:\Users\user1\Desktop\encoder_decoder_WD\EncoderDecoder\EncoderDecoder\EncoderDecoder\tests.cpp(60,51): warning C4244: 'argument': conversion from 'unsigned __int64' to 'int', possible loss of data
C:\Users\user1\Desktop\encoder_decoder_WD\EncoderDecoder\EncoderDecoder\EncoderDecoder\tests.cpp(69,27): warning C4244: 'argument': conversion from 'unsigned __int64' to 'long', possible loss of data
C:\Users\user1\Desktop\encoder_decoder_WD\EncoderDecoder\EncoderDecoder\EncoderDecoder\tests.cpp(70,10): warning C4244: 'initializing': conversion from 'unsigned __int64' to 'int', possible loss of data
C:\Users\user1\Desktop\encoder_decoder_WD\EncoderDecoder\EncoderDecoder\EncoderDecoder\tests.cpp(77,51): warning C4244: 'argument': conversion from 'unsigned __int64' to 'int', possible loss of data
C:\Users\user1\Desktop\encoder_decoder_WD\EncoderDecoder\EncoderDecoder\EncoderDecoder\tests.cpp(86,27): warning C4244: 'argument': conversion from 'unsigned __int64' to 'long', possible loss of data
C:\Users\user1\Desktop\encoder_decoder_WD\EncoderDecoder\EncoderDecoder\EncoderDecoder\tests.cpp(87,10): warning C4244: 'initializing': conversion from 'unsigned __int64' to 'int', possible loss of data
C:\Users\user1\Desktop\encoder_decoder_WD\EncoderDecoder\EncoderDecoder\EncoderDecoder\tests.cpp(95,51): warning C4244: 'argument': conversion from 'unsigned __int64' to 'int', possible loss of data
C:\Users\user1\Desktop\encoder_decoder_WD\EncoderDecoder\EncoderDecoder\EncoderDecoder\tests.cpp(103,27): warning C4244: 'argument': conversion from 'unsigned __int64' to 'long', possible loss of data
C:\Users\user1\Desktop\encoder_decoder_WD\EncoderDecoder\EncoderDecoder\EncoderDecoder\tests.cpp(104,10): warning C4244: 'initializing': conversion from 'unsigned __int64' to 'int', possible loss of data
C:\Users\user1\Desktop\encoder_decoder_WD\EncoderDecoder\EncoderDecoder\EncoderDecoder\tests.cpp(111,51): warning C4244: 'argument': conversion from 'unsigned __int64' to 'int', possible loss of data
C:\Users\user1\Desktop\encoder_decoder_WD\EncoderDecoder\EncoderDecoder\EncoderDecoder\tests.cpp(144,27): warning C4244: 'argument': conversion from 'unsigned __int64' to 'long', possible loss of data
C:\Users\user1\Desktop\encoder_decoder_WD\EncoderDecoder\EncoderDecoder\EncoderDecoder\tests.cpp(145,10): warning C4244: 'initializing': conversion from 'unsigned __int64' to 'int', possible loss of data
C:\Users\user1\Desktop\encoder_decoder_WD\EncoderDecoder\EncoderDecoder\EncoderDecoder\tests.cpp(153,51): warning C4244: 'argument': conversion from 'unsigned __int64' to 'int', possible loss of data
  Generating Code...
  EncoderDecoder.vcxproj -> C:\Users\user1\Desktop\encoder_decoder_WD\EncoderDecoder\EncoderDecoder\x64\Debug\EncoderDecoder.exe
